<?xml version="1.0" encoding="UTF-8"?>
<!-- Generated by org.testng.reporters.JUnitXMLReporter -->
<testsuite ignored="0" hostname="LAPTOP-3JQ8O87T" failures="1" tests="2" name="Test" time="27.658" errors="0" timestamp="2023-06-10T10:03:42 IST">
  <testcase classname="Automation.com.hrms.testscripts.TC001" name="tc001" time="16.665"/>
  <testcase classname="Automation.com.hrms.testscripts.TC002" name="tc002" time="10.855">
    <failure type="org.openqa.selenium.NoSuchFrameException" message="No frame element found by name or id EmpInf_frame
Build info: version: &amp;apos;4.9.0&amp;apos;, revision: &amp;apos;d7057100a6&amp;apos;
System info: os.name: &amp;apos;Windows 10&amp;apos;, os.arch: &amp;apos;amd64&amp;apos;, os.version: &amp;apos;10.0&amp;apos;, java.version: &amp;apos;11.0.12&amp;apos;
Driver info: driver.version: unknown">
      <![CDATA[org.openqa.selenium.NoSuchFrameException: No frame element found by name or id EmpInf_frame
Build info: version: '4.9.0', revision: 'd7057100a6'
System info: os.name: 'Windows 10', os.arch: 'amd64', os.version: '10.0', java.version: '11.0.12'
Driver info: driver.version: unknown
at org.openqa.selenium.remote.RemoteWebDriver$RemoteTargetLocator.frame(RemoteWebDriver.java:1014)
at Automation.com.hrms.lib.General.enterFrame(General.java:34)
at Automation.com.hrms.testscripts.TC002.tc002(TC002.java:19)
at java.base/java.util.ArrayList.forEach(ArrayList.java:1541)
... Removed 27 stack frames]]>
    </failure>
  </testcase> <!-- tc002 -->
</testsuite> <!-- Test -->
